2023-09-26 21:52:46,733 :INFO : amazonSelectSearch :option text All Categories
2023-09-26 21:52:46,871 :INFO : amazonSelectSearch :option text Alexa Skills
2023-09-26 21:52:47,003 :INFO : amazonSelectSearch :option text Amazon Devices
2023-09-26 21:52:47,084 :INFO : amazonSelectSearch :option text Amazon Fashion
2023-09-26 21:52:47,147 :INFO : amazonSelectSearch :option text Amazon Fresh
2023-09-26 21:52:47,211 :INFO : amazonSelectSearch :option text Amazon Pharmacy
2023-09-26 21:52:47,288 :INFO : amazonSelectSearch :option text Appliances
2023-09-26 21:52:47,366 :INFO : amazonSelectSearch :option text Apps & Games
2023-09-26 21:52:47,450 :INFO : amazonSelectSearch :option text Audible Audiobooks
2023-09-26 21:52:47,536 :INFO : amazonSelectSearch :option text Baby
2023-09-26 21:52:47,600 :INFO : amazonSelectSearch :option text Beauty
2023-09-26 21:52:47,663 :INFO : amazonSelectSearch :option text Books
2023-09-26 21:52:47,725 :INFO : amazonSelectSearch :option text Car & Motorbike
2023-09-26 21:52:47,808 :INFO : amazonSelectSearch :option text Clothing & Accessories
2023-09-26 21:52:47,881 :INFO : amazonSelectSearch :option text Collectibles
2023-09-26 21:52:47,944 :INFO : amazonSelectSearch :option text Computers & Accessories
2023-09-26 21:52:48,040 :INFO : amazonSelectSearch :option text Electronics
2023-09-27 00:51:23,647 :INFO : test_e2e :All prices are falling in the price
2023-09-27 00:52:41,464 :INFO : test_e2e :All prices are falling in the price
2023-09-27 00:56:14,506 :INFO : test_e2e :All prices are falling in the price
2023-09-27 00:58:04,039 :INFO : test_e2e :All prices are falling in the price
2023-09-27 01:02:26,038 :INFO : test_e2e :All prices are falling in the price
2023-09-27 01:03:15,813 :INFO : test_e2e :All prices are falling in the price
2023-09-27 01:04:50,029 :INFO : test_e2e :All prices are falling in the price
2023-09-27 01:07:44,215 :INFO : test_e2e :All prices are falling in the price
2023-09-27 01:15:22,080 :INFO : test_e2e :All prices are falling in the price
2023-09-27 01:17:11,915 :INFO : test_e2e :All prices are falling in the price
2023-09-27 01:20:21,957 :INFO : test_e2e :All prices are falling in the price
2023-09-27 01:24:45,888 :INFO : test_e2e :All prices are falling in the price
2023-09-27 01:25:46,244 :INFO : test_e2e :All prices are falling in the price
2023-09-27 01:32:58,482 :INFO : test_e2e :All prices are falling in the price
2023-09-27 01:34:22,092 :INFO : test_e2e :All prices are falling in the price
2023-09-27 01:36:40,305 :INFO : test_e2e :All prices are falling in the price
2023-09-27 01:38:50,438 :INFO : test_e2e :All prices are falling in the price
